2022-09-13 14:18:05.790 WARN  [main] --> : InetAddress.getLocalHost().getHostName() took 5001 milliseconds to respond. Please verify your network configuration (macOS machines may need to add entries to /etc/hosts).
2022-09-13 14:18:10.795 INFO  [main] --> : Starting SpServerApplication on MacBook-Pro.local with PID 6794 (/Users/hgwxr/code/spring/sa-plus/sp-server/target/classes started by hgwxr in /Users/hgwxr/code/spring/sa-plus/sp-server)
2022-09-13 14:18:10.795 INFO  [main] --> : The following profiles are active: dev
2022-09-13 14:18:11.733 INFO  [main] --> : Multiple Spring Data modules found, entering strict repository configuration mode!
2022-09-13 14:18:11.736 INFO  [main] --> : Bootstrapping Spring Data Redis repositories in DEFAULT mode.
2022-09-13 14:18:11.768 INFO  [main] --> : Finished Spring Data repository scanning in 12ms. Found 0 Redis repository interfaces.
2022-09-13 14:18:12.590 INFO  [main] --> : Tomcat initialized with port(s): 8099 (http)
2022-09-13 14:18:12.604 INFO  [main] --> : Initializing ProtocolHandler ["http-nio-8099"]
2022-09-13 14:18:12.605 INFO  [main] --> : Starting service [Tomcat]
2022-09-13 14:18:12.605 INFO  [main] --> : Starting Servlet engine: [Apache Tomcat/9.0.37]
2022-09-13 14:18:12.723 INFO  [main] --> : Initializing Spring embedded WebApplicationContext
2022-09-13 14:18:12.724 INFO  [main] --> : Root WebApplicationContext: initialization completed in 1873 ms
2022-09-13 14:18:12.960 INFO  [main] --> : Init DruidDataSource
2022-09-13 14:18:13.278 INFO  [main] --> : {dataSource-1} inited
2022-09-13 14:18:33.591 INFO  [main] --> : Autowired annotation is not supported on static fields: public static com.fasterxml.jackson.databind.ObjectMapper com.pj.project4sp.SP.objectMapper
2022-09-13 14:18:34.610 INFO  [main] --> : Initializing ExecutorService 'applicationTaskExecutor'
2022-09-13 14:18:35.014 INFO  [main] --> : Initializing ExecutorService 'taskScheduler'
2022-09-13 14:18:35.074 INFO  [main] --> : Starting ProtocolHandler ["http-nio-8099"]
2022-09-13 14:18:35.104 INFO  [main] --> : Tomcat started on port(s): 8099 (http) with context path ''
2022-09-13 14:18:35.116 INFO  [main] --> : Started SpServerApplication in 44.822 seconds (JVM running for 50.698)
2022-09-13 14:18:57.358 INFO  [http-nio-8099-exec-1] --> : Initializing Spring DispatcherServlet 'dispatcherServlet'
2022-09-13 14:18:57.359 INFO  [http-nio-8099-exec-1] --> : Initializing Servlet 'dispatcherServlet'
2022-09-13 14:18:57.376 INFO  [http-nio-8099-exec-1] --> : Completed initialization in 17 ms
2022-09-13 14:25:34.344 INFO  [http-nio-8099-exec-3] --> : 
2022-09-13 14:25:34.344 INFO  [http-nio-8099-exec-3] --> : ----------------------------------------------------------------
2022-09-13 14:25:34.345 INFO  [http-nio-8099-exec-3] --> : IP: 127.0.0.1	r-> /AccAdmin/getLoginInfo	p-> {}
2022-09-13 14:25:34.375 INFO  [http-nio-8099-exec-3] --> : 本次请求耗时：0.032s, 返回：{"code":401,"msg":"未登录，请登录后再次访问","data":null}
2022-09-13 14:25:37.588 INFO  [http-nio-8099-exec-5] --> : 
2022-09-13 14:25:37.588 INFO  [http-nio-8099-exec-5] --> : ----------------------------------------------------------------
2022-09-13 14:25:37.588 INFO  [http-nio-8099-exec-5] --> : IP: 127.0.0.1	r-> /AccAdmin/doLogin	p-> {"remember":"false","password":"123456","key":"sa"}
2022-09-13 14:25:38.197 INFO  [http-nio-8099-exec-5] --> : 本次请求耗时：0.61s, 返回：{"code":200,"msg":"ok","data":{"admin":{"id":10001,"name":"sa","avatar":"https://oss.dev33.cn/sa-plus/in-file/avatar1.jpg","password":"********","phone":null,"roleId":1,"status":1,"createByAid":-1,"createTime":"2022-09-12 09:59:05","loginTime":"2022-09-13 06:25:38","loginIp":"127.0.0.1","loginCount":4,"roleName":"开发者"},"appCfg":"{\"logoUrl\":\"http://sa-admin.dev33.cn/sa-frame/admin-logo.png\",\"appName\":\"Sa-Plus 后台管理\",\"appVersionNo\":\"v1.27.0\",\"appVersionLog\":\"更新于2022-2-21\"}","perList":["bas","dev","in-system","console","sql-console","redis-console","apilog-list","form-generator","auth","role-list","menu-list","admin-list","admin-add","sp-admin-login","sp-cfg","sp-cfg-app","sp-cfg-server"],"tokenInfo":{"tokenName":"satoken","tokenValue":"96d9874f-c5c4-4f0e-aa3d-ef1efd43e258","isLogin":true,"loginId":"10001","loginType":"login","tokenTimeout":2592000,"sessionTimeout":2592000,"tokenSessionTimeout":-2,"tokenActivityTimeout":-1,"loginDevice":"default-device","tag":null}}}
2022-09-13 14:25:38.956 INFO  [http-nio-8099-exec-6] --> : 
2022-09-13 14:25:38.957 INFO  [http-nio-8099-exec-6] --> : ----------------------------------------------------------------
2022-09-13 14:25:38.957 INFO  [http-nio-8099-exec-6] --> : IP: 127.0.0.1	r-> /AccAdmin/getLoginInfo	p-> {}
2022-09-13 14:25:38.993 INFO  [http-nio-8099-exec-6] --> : 本次请求耗时：0.037s, 返回：{"code":200,"msg":"ok","data":{"admin":{"id":10001,"name":"sa","avatar":"https://oss.dev33.cn/sa-plus/in-file/avatar1.jpg","password":"********","phone":null,"roleId":1,"status":1,"createByAid":-1,"createTime":"2022-09-12 09:59:05","loginTime":"2022-09-13 06:25:38","loginIp":"127.0.0.1","loginCount":4,"roleName":"开发者"},"perList":["bas","dev","in-system","console","sql-console","redis-console","apilog-list","form-generator","auth","role-list","menu-list","admin-list","admin-add","sp-admin-login","sp-cfg","sp-cfg-app","sp-cfg-server"],"appCfg":"{\"logoUrl\":\"http://sa-admin.dev33.cn/sa-frame/admin-logo.png\",\"appName\":\"Sa-Plus 后台管理\",\"appVersionNo\":\"v1.27.0\",\"appVersionLog\":\"更新于2022-2-21\"}"}}
2022-09-13 15:04:04.421 INFO  [SpringContextShutdownHook] --> : Shutting down ExecutorService 'taskScheduler'
2022-09-13 15:04:04.431 INFO  [SpringContextShutdownHook] --> : Shutting down ExecutorService 'applicationTaskExecutor'
2022-09-13 15:04:04.568 INFO  [SpringContextShutdownHook] --> : {dataSource-1} closed
