2022-09-12 20:53:36.849 WARN  [main] --> : InetAddress.getLocalHost().getHostName() took 5002 milliseconds to respond. Please verify your network configuration (macOS machines may need to add entries to /etc/hosts).
2022-09-12 20:53:41.854 INFO  [main] --> : Starting SpServerApplication on MacBook-Pro.local with PID 12920 (/Users/hgwxr/code/spring/sa-plus/sp-server/target/classes started by hgwxr in /Users/hgwxr/code/spring/sa-plus/sp-server)
2022-09-12 20:53:41.855 INFO  [main] --> : The following profiles are active: dev
2022-09-12 20:53:42.417 INFO  [main] --> : Multiple Spring Data modules found, entering strict repository configuration mode!
2022-09-12 20:53:42.419 INFO  [main] --> : Bootstrapping Spring Data Redis repositories in DEFAULT mode.
2022-09-12 20:53:42.440 INFO  [main] --> : Finished Spring Data repository scanning in 10ms. Found 0 Redis repository interfaces.
2022-09-12 20:53:42.959 INFO  [main] --> : Tomcat initialized with port(s): 8099 (http)
2022-09-12 20:53:42.966 INFO  [main] --> : Initializing ProtocolHandler ["http-nio-8099"]
2022-09-12 20:53:42.966 INFO  [main] --> : Starting service [Tomcat]
2022-09-12 20:53:42.967 INFO  [main] --> : Starting Servlet engine: [Apache Tomcat/9.0.37]
2022-09-12 20:53:43.020 INFO  [main] --> : Initializing Spring embedded WebApplicationContext
2022-09-12 20:53:43.021 INFO  [main] --> : Root WebApplicationContext: initialization completed in 1129 ms
2022-09-12 20:53:43.211 INFO  [main] --> : Init DruidDataSource
2022-09-12 20:53:43.582 INFO  [main] --> : {dataSource-1} inited
2022-09-12 20:54:04.471 INFO  [main] --> : Initializing ExecutorService 'applicationTaskExecutor'
2022-09-12 20:54:04.812 INFO  [main] --> : Initializing ExecutorService 'taskScheduler'
2022-09-12 20:54:04.859 INFO  [main] --> : Starting ProtocolHandler ["http-nio-8099"]
2022-09-12 20:54:04.882 INFO  [main] --> : Tomcat started on port(s): 8099 (http) with context path ''
2022-09-12 20:54:04.893 INFO  [main] --> : Started SpServerApplication in 43.326 seconds (JVM running for 48.853)
2022-09-12 20:54:31.007 INFO  [http-nio-8099-exec-1] --> : Initializing Spring DispatcherServlet 'dispatcherServlet'
2022-09-12 20:54:31.008 INFO  [http-nio-8099-exec-1] --> : Initializing Servlet 'dispatcherServlet'
2022-09-12 20:54:31.022 INFO  [http-nio-8099-exec-1] --> : Completed initialization in 14 ms
2022-09-12 20:55:09.587 INFO  [http-nio-8099-exec-5] --> : ----------------------------------------------------------------
2022-09-12 20:55:09.588 INFO  [http-nio-8099-exec-5] --> : IP: 127.0.0.1	r-> /AccAdmin/fristOpenAdmin	p-> {}
2022-09-12 20:55:10.263 INFO  [http-nio-8099-exec-5] --> : 本次请求耗时：0.676s, 返回：{"code":200,"msg":"ok","data":{"admin":{"id":10001,"name":"sa","avatar":"https://oss.dev33.cn/sa-plus/in-file/avatar1.jpg","password":"********","pw":"123456","phone":null,"roleId":1,"status":1,"createByAid":-1,"createTime":1662976745000,"loginTime":1662987099000,"loginIp":"127.0.0.1","loginCount":2,"roleName":"开发者"},"per_list":["bas","dev","in-system","console","sql-console","redis-console","apilog-list","form-generator","auth","role-list","menu-list","admin-list","admin-add","sp-admin-login","sp-cfg","sp-cfg-app","sp-cfg-server"],"app_cfg":null},"dataCount":-1}
2022-09-12 20:55:25.588 INFO  [http-nio-8099-exec-1] --> : ----------------------------------------------------------------
2022-09-12 20:55:25.589 INFO  [http-nio-8099-exec-1] --> : IP: 127.0.0.1	r-> /RedisConsole/getPreInfo	p-> {"sortType":"0","pageNo":"1","pageSize":"10","k":""}
2022-09-12 20:55:25.640 INFO  [http-nio-8099-exec-1] --> : 本次请求耗时：0.052s, 返回：{"code":500,"msg":"Cannot deserialize; nested exception is org.springframework.core.serializer.support.SerializationFailedException: Failed to deserialize payload. Is the byte array a result of corresponding serialization for DefaultDeserializer?; nested exception is java.io.StreamCorruptedException: invalid stream header: 5B226A61","data":null,"dataCount":-1}
2022-09-12 20:55:49.127 INFO  [http-nio-8099-exec-5] --> : ----------------------------------------------------------------
2022-09-12 20:55:49.128 INFO  [http-nio-8099-exec-5] --> : IP: 127.0.0.1	r-> /SpCfg/getCfg	p-> {"cfgName":"server_cfg"}
2022-09-12 20:55:49.148 INFO  [http-nio-8099-exec-5] --> : 本次请求耗时：0.021s, 返回：{"code":500,"msg":"Cannot deserialize; nested exception is org.springframework.core.serializer.support.SerializationFailedException: Failed to deserialize payload. Is the byte array a result of corresponding serialization for DefaultDeserializer?; nested exception is java.io.StreamCorruptedException: invalid stream header: 5B226A61","data":null,"dataCount":-1}
2022-09-12 20:55:49.227 INFO  [http-nio-8099-exec-1] --> : ----------------------------------------------------------------
2022-09-12 20:55:49.444 INFO  [http-nio-8099-exec-1] --> : IP: 127.0.0.1	r-> /SgApilog/getList	p-> {"sortType":"0","pageNo":"1","pageSize":"10"}
2022-09-12 20:55:49.446 INFO  [http-nio-8099-exec-1] --> : 本次请求耗时：0.219s, 返回：{"code":500,"msg":"Cannot deserialize; nested exception is org.springframework.core.serializer.support.SerializationFailedException: Failed to deserialize payload. Is the byte array a result of corresponding serialization for DefaultDeserializer?; nested exception is java.io.StreamCorruptedException: invalid stream header: 5B226A61","data":null,"dataCount":-1}
2022-09-12 21:27:53.786 INFO  [http-nio-8099-exec-1] --> : ----------------------------------------------------------------
2022-09-12 21:27:53.791 INFO  [http-nio-8099-exec-1] --> : IP: 127.0.0.1	r-> /SpCfg/getCfg	p-> {"cfgName":"app_cfg"}
2022-09-12 21:27:53.887 INFO  [http-nio-8099-exec-1] --> : 本次请求耗时：0.1s, 返回：{"code":500,"msg":"Cannot deserialize; nested exception is org.springframework.core.serializer.support.SerializationFailedException: Failed to deserialize payload. Is the byte array a result of corresponding serialization for DefaultDeserializer?; nested exception is java.io.StreamCorruptedException: invalid stream header: 5B226A61","data":null,"dataCount":-1}
2022-09-12 21:28:10.742 INFO  [http-nio-8099-exec-9] --> : ----------------------------------------------------------------
2022-09-12 21:28:10.743 INFO  [http-nio-8099-exec-9] --> : IP: 127.0.0.1	r-> /AccAdmin/doExit	p-> {}
2022-09-12 21:28:10.800 INFO  [http-nio-8099-exec-9] --> : 本次请求耗时：0.058s, 返回：{"code":500,"msg":"Could not read JSON: Could not resolve type id 'cn.dev33.satoken.dao.SaSessionForJacksonCustomized' as a subtype of `java.lang.Object`: no such class found\n at [Source: (byte[])\"{\"@class\":\"cn.dev33.satoken.dao.SaSessionForJacksonCustomized\",\"id\":\"satoken:login:session:10001\",\"createTime\":1662980225939,\"dataMap\":{\"@class\":\"java.util.concurrent.ConcurrentHashMap\",\"ROLE_ID\":[\"java.lang.Long\",1]},\"tokenSignList\":[\"java.util.Vector\",[{\"@class\":\"cn.dev33.satoken.session.TokenSign\",\"value\":\"96d9874f-c5c4-4f0e-aa3d-ef1efd43e258\",\"device\":\"default-device\"}]]}\"; line: 1, column: 11]; nested exception is com.fasterxml.jackson.databind.exc.InvalidTypeIdException: Could not resolve type id 'cn.dev33.satoken.dao.SaSessionForJacksonCustomized' as a subtype of `java.lang.Object`: no such class found\n at [Source: (byte[])\"{\"@class\":\"cn.dev33.satoken.dao.SaSessionForJacksonCustomized\",\"id\":\"satoken:login:session:10001\",\"createTime\":1662980225939,\"dataMap\":{\"@class\":\"java.util.concurrent.ConcurrentHashMap\",\"ROLE_ID\":[\"java.lang.Long\",1]},\"tokenSignList\":[\"java.util.Vector\",[{\"@class\":\"cn.dev33.satoken.session.TokenSign\",\"value\":\"96d9874f-c5c4-4f0e-aa3d-ef1efd43e258\",\"device\":\"default-device\"}]]}\"; line: 1, column: 11]","data":null,"dataCount":-1}
2022-09-12 21:31:37.097 INFO  [SpringContextShutdownHook] --> : Shutting down ExecutorService 'taskScheduler'
2022-09-12 21:31:37.104 INFO  [SpringContextShutdownHook] --> : Shutting down ExecutorService 'applicationTaskExecutor'
2022-09-12 21:31:37.277 INFO  [SpringContextShutdownHook] --> : {dataSource-1} closed
